Arguments: 
  /usr/local/bin/node /Users/mike/.yarn/bin/yarn.js

PATH: 
  /Users/mike/.pyenv/shims:/Users/mike/.yarn/bin:/Users/mike/.config/yarn/global/node_modules/.bin:/opt/local/bin:/opt/local/sbin:/Library/Frameworks/Python.framework/Versions/3.10/bin:/usr/local/bin:/usr/bin:/bin:/usr/sbin:/sbin:/Applications/VMware Fusion.app/Contents/Public:/usr/local/go/bin:/usr/local/MacGPG2/bin:/Library/Frameworks/Mono.framework/Versions/Current/Commands:/Users/mike/.cargo/bin

Yarn version: 
  1.22.15

Node version: 
  16.14.2

Platform: 
  darwin x64

Trace: 
  SyntaxError: /Users/mike/Documents/Tradle/list/package.json: Unexpected token } in JSON at position 647
      at JSON.parse (<anonymous>)
      at /Users/mike/.yarn/lib/cli.js:1625:59
      at Generator.next (<anonymous>)
      at step (/Users/mike/.yarn/lib/cli.js:310:30)
      at /Users/mike/.yarn/lib/cli.js:321:13

npm manifest: 
  {
    "name": "@list/cli",
    "version": "3.0.0",
    "main": "index.js",
    "author": "Benjamin Herald",
    "license": "MIT",
    "scripts": {
      "sync": "node sync.js",
      "verify": "node verify.js",
      "listhash": "node listhash.js",
      "cli": "node cli.js",
      "archive": "git archive -o cli.zip HEAD"
    },
    "dependencies": {
      "@list/circuit": "3.0.0",
      "@list/config": "3.0.0",
      "@list/contracts": "3.0.0",
      "@maticnetwork/maticjs": "^3.3.0",
      "@maticnetwork/maticjs-ethers": "^1.0.2",
      "@maticnetwork/maticjs-web3": "^1.0.1",
      "axios": "^0.27.2",
      "bigint-conversion": "^2.2.1",
      "bson": "^4.6.4",
      "circomlibjs": "^0.1.2",
      "commander": "^9.2.0",
      "crypto": "^1.0.1",
      "eth-object": "^1.0.3",
      "eth-revert-reason": "^1.0.3",
      "eth-util-lite": "^1.0.1",
      "ethereum-cryptography": "^1.0.3",
      "ethers": "^5.5.1",
      "fs": "^0.0.1-security",
      "gnosis-safe-helper": "^0.1.0",
      "isomorphic-rpc": "^1.2.2",
      "merkle-patricia-tree": "^4.2.4",
      "promisfy": "^1.2.0",
      "promisify": "^0.0.3",
      "rlp": "^3.0.0",
      "snarkjs": "^0.4.18",
      "util": "^0.12.4",
      "web3": "^1.7.3"
    },
    "bin": {
      "cli": "./cli.js"
    }
  }

yarn manifest: 
  No manifest

Lockfile: 
  No lockfile
